Using pre-set license
Built from '2020.3/staging' branch; Version is '2020.3.16f1 (049d6eca3c44) revision 302446'; Using compiler version '192528614'; Build Type 'Release'
OS: 'Windows 10 Pro; OS build 19042.1237; Version 2009; 64bit' Language: 'en' Physical Memory: 16328 MB
BatchMode: 1, IsHumanControllingUs: 0, StartBugReporterOnCrash: 0, Is64bit: 1, IsPro: 0

 COMMAND LINE ARGUMENTS:
C:\Program Files\Unity\Hub\Editor\2020.1.10f1\Editor\Unity.exe
-adb2
-batchMode
-noUpm
-name
AssetImportWorker0
-projectPath
F:/Unity/Sound and Animation/Sound and Animation
-logFile
Logs/AssetImportWorker0.log
-srvPort
65438
Successfully changed project path to: F:/Unity/Sound and Animation/Sound and Animation
F:/Unity/Sound and Animation/Sound and Animation
Using Asset Import Pipeline V2.
Refreshing native plugins compatible for Editor in 48.54 ms, found 3 plugins.
Preloading 0 native plugins for Editor in 0.00 ms.
Initialize engine version: 2020.3.16f1 (049d6eca3c44)
[Subsystems] Discovering subsystems at path C:/Program Files/Unity/Hub/Editor/2020.1.10f1/Editor/Data/Resources/UnitySubsystems
[Subsystems] Discovering subsystems at path F:/Unity/Sound and Animation/Sound and Animation/Assets
GfxDevice: creating device client; threaded=0
Direct3D:
    Version:  Direct3D 11.0 [level 11.1]
    Renderer: NVIDIA GeForce RTX 2080 Ti (ID=0x1e07)
    Vendor:   
    VRAM:     11048 MB
    Driver:   30.0.14.7212
Initialize mono
Mono path[0] = 'C:/Program Files/Unity/Hub/Editor/2020.1.10f1/Editor/Data/Managed'
Mono path[1] = 'C:/Program Files/Unity/Hub/Editor/2020.1.10f1/Editor/Data/MonoBleedingEdge/lib/mono/unityjit'
Mono config path = 'C:/Program Files/Unity/Hub/Editor/2020.1.10f1/Editor/Data/MonoBleedingEdge/etc'
Using monoOptions --debugger-agent=transport=dt_socket,embedding=1,server=y,suspend=n,address=127.0.0.1:56660
Begin MonoManager ReloadAssembly
Registering precompiled unity dll's ...
Register platform support module: C:/Program Files/Unity/Hub/Editor/2020.1.10f1/Editor/Data/PlaybackEngines/WindowsStandaloneSupport/UnityEditor.WindowsStandalone.Extensions.dll
Registered in 0.002561 seconds.
Native extension for WindowsStandalone target not found
Refreshing native plugins compatible for Editor in 51.73 ms, found 3 plugins.
Preloading 0 native plugins for Editor in 0.00 ms.
Mono: successfully reloaded assembly
- Completed reload, in  1.299 seconds
Domain Reload Profiling:
	ReloadAssembly (1299ms)
		BeginReloadAssembly (62ms)
			ExecutionOrderSort (0ms)
			DisableScriptedObjects (0ms)
			BackupInstance (0ms)
			ReleaseScriptingObjects (0ms)
			CreateAndSetChildDomain (1ms)
		EndReloadAssembly (471ms)
			LoadAssemblies (59ms)
			RebuildTransferFunctionScriptingTraits (0ms)
			SetupTypeCache (168ms)
			ReleaseScriptCaches (0ms)
			RebuildScriptCaches (32ms)
			SetupLoadedEditorAssemblies (192ms)
				LogAssemblyErrors (0ms)
				InitializePlatformSupportModulesInManaged (5ms)
				SetLoadedEditorAssemblies (0ms)
				RefreshPlugins (52ms)
				BeforeProcessingInitializeOnLoad (10ms)
				ProcessInitializeOnLoadAttributes (92ms)
				ProcessInitializeOnLoadMethodAttributes (33ms)
				AfterProcessingInitializeOnLoad (0ms)
				EditorAssembliesLoaded (0ms)
			ExecutionOrderSort2 (0ms)
			AwakeInstancesAfterBackupRestoration (0ms)
Platform modules already initialized, skipping
Registering precompiled user dll's ...
Registered in 0.003316 seconds.
Begin MonoManager ReloadAssembly
Native extension for WindowsStandalone target not found
Refreshing native plugins compatible for Editor in 47.85 ms, found 3 plugins.
Preloading 0 native plugins for Editor in 0.00 ms.
Mono: successfully reloaded assembly
- Completed reload, in  1.310 seconds
Domain Reload Profiling:
	ReloadAssembly (1311ms)
		BeginReloadAssembly (160ms)
			ExecutionOrderSort (0ms)
			DisableScriptedObjects (5ms)
			BackupInstance (0ms)
			ReleaseScriptingObjects (0ms)
			CreateAndSetChildDomain (19ms)
		EndReloadAssembly (1077ms)
			LoadAssemblies (102ms)
			RebuildTransferFunctionScriptingTraits (0ms)
			SetupTypeCache (318ms)
			ReleaseScriptCaches (0ms)
			RebuildScriptCaches (50ms)
			SetupLoadedEditorAssemblies (465ms)
				LogAssemblyErrors (0ms)
				InitializePlatformSupportModulesInManaged (5ms)
				SetLoadedEditorAssemblies (0ms)
				RefreshPlugins (48ms)
				BeforeProcessingInitializeOnLoad (73ms)
				ProcessInitializeOnLoadAttributes (315ms)
				ProcessInitializeOnLoadMethodAttributes (15ms)
				AfterProcessingInitializeOnLoad (10ms)
				EditorAssembliesLoaded (0ms)
			ExecutionOrderSort2 (0ms)
			AwakeInstancesAfterBackupRestoration (8ms)
Platform modules already initialized, skipping
========================================================================
Worker process is ready to serve import requests
Launched and connected shader compiler UnityShaderCompiler.exe after 0.83 seconds
Refreshing native plugins compatible for Editor in 0.56 ms, found 3 plugins.
Preloading 0 native plugins for Editor in 0.00 ms.
Unloading 2092 Unused Serialized files (Serialized files now loaded: 0)
System memory in use before: 93.1 MB.
System memory in use after: 93.2 MB.

Unloading 28 unused Assets to reduce memory usage. Loaded Objects now: 2529.
Total: 3.948100 ms (FindLiveObjects: 0.298300 ms CreateObjectMapping: 0.057400 ms MarkObjects: 3.499700 ms  DeleteObjects: 0.090700 ms)

AssetImportParameters requested are different than current active one (requested -> active):
  custom:framework-win-MediaFoundation: 216162199b28c13a410421893ffa2e32 -> 
  custom:video-decoder-ogg-theora: a1e56fd34408186e4bbccfd4996cb3dc -> 
  custom:container-muxer-webm: aa71ff27fc2769a1b78a27578f13a17b -> 
  custom:container-demuxer-webm: 4f35f7cbe854078d1ac9338744f61a02 -> 
  custom:container-demuxer-ogg: 62fdf1f143b41e24485cea50d1cbac27 -> 
  custom:video-encoder-webm-vp8: eb34c28f22e8b96e1ab97ce403110664 -> 
  custom:video-codec-MediaFoundation-h265: 746d11721c4dcdbdad8f713fa42b33f4 -> 
  custom:video-decoder-webm-vp8: 9c59270c3fd7afecdb556c50c9e8de78 -> 
  custom:audio-decoder-ogg-vorbis: bf7c407c2cedff20999df2af8eb42d56 -> 
  custom:audio-encoder-webm-vorbis: bf7c407c2cedff20999df2af8eb42d56 -> 
========================================================================
Received Import Request.
  path: Assets/Sprites/cat
  artifactKey: Guid(7a120d59baa42a047b63eb6bb4213ef4) Importer(815301076,1909f56bfc062723c751e8b465ee728b)
Start importing Assets/Sprites/cat using Guid(7a120d59baa42a047b63eb6bb4213ef4) Importer(815301076,1909f56bfc062723c751e8b465ee728b)  -> (artifact id: '5b467748fb0edc213c6008da99fec5cf') in 0.013607 seconds 
  Import took 0.017784 seconds .

========================================================================
Received Import Request.
  Time since last request: 58.967684 seconds.
  path: Assets/Sprites
  artifactKey: Guid(728b1729913a1ba4ea2996fcfb0d46b5) Importer(815301076,1909f56bfc062723c751e8b465ee728b)
Start importing Assets/Sprites using Guid(728b1729913a1ba4ea2996fcfb0d46b5) Importer(815301076,1909f56bfc062723c751e8b465ee728b)  -> (artifact id: '7cc66781d4e7a4d480687c309dee2ada') in 0.009508 seconds 
  Import took 0.013048 seconds .

========================================================================
Received Import Request.
  Time since last request: 0.702664 seconds.
  path: Assets/Sprites/cat/Dead (1).png
  artifactKey: Guid(7431c792e3d3e4942b82b1d9b0fb6d99) Importer(815301076,1909f56bfc062723c751e8b465ee728b)
Start importing Assets/Sprites/cat/Dead (1).png using Guid(7431c792e3d3e4942b82b1d9b0fb6d99) Importer(815301076,1909f56bfc062723c751e8b465ee728b)  -> (artifact id: '822b631125d8420a33b00da50fd40f5f') in 0.162040 seconds 
  Import took 0.165450 seconds .

========================================================================
Received Import Request.
  Time since last request: 0.000198 seconds.
  path: Assets/Sprites/cat/Run (3).png
  artifactKey: Guid(eae61ca17d7239f4688f637a30234663) Importer(815301076,1909f56bfc062723c751e8b465ee728b)
Start importing Assets/Sprites/cat/Run (3).png using Guid(eae61ca17d7239f4688f637a30234663) Importer(815301076,1909f56bfc062723c751e8b465ee728b)  -> (artifact id: '4f10fa957a7d5453f8cdc005bd0e2a3f') in 0.041417 seconds 
  Import took 0.044643 seconds .

========================================================================
Received Import Request.
  Time since last request: 0.000220 seconds.
  path: Assets/Sprites/cat/Fall (1).png
  artifactKey: Guid(4190392c108de7d4995c8849a931cbf6) Importer(815301076,1909f56bfc062723c751e8b465ee728b)
Start importing Assets/Sprites/cat/Fall (1).png using Guid(4190392c108de7d4995c8849a931cbf6) Importer(815301076,1909f56bfc062723c751e8b465ee728b)  -> (artifact id: 'ab4c0640f23d11c1906f9311f11933c4') in 0.019356 seconds 
  Import took 0.022478 seconds .

========================================================================
Received Import Request.
  Time since last request: 0.000195 seconds.
  path: Assets/Sprites/cat/Idle (5).png
  artifactKey: Guid(a2c78f51d1983e94aae101317135b090) Importer(815301076,1909f56bfc062723c751e8b465ee728b)
Start importing Assets/Sprites/cat/Idle (5).png using Guid(a2c78f51d1983e94aae101317135b090) Importer(815301076,1909f56bfc062723c751e8b465ee728b)  -> (artifact id: 'c1515e05ac5bf1e612bf9260c67fcc97') in 0.014720 seconds 
  Import took 0.017844 seconds .

========================================================================
Received Import Request.
  Time since last request: 0.000194 seconds.
  path: Assets/Sprites/cat/Fall (2).png
  artifactKey: Guid(5c0914f41401f054f889ace431431983) Importer(815301076,1909f56bfc062723c751e8b465ee728b)
Start importing Assets/Sprites/cat/Fall (2).png using Guid(5c0914f41401f054f889ace431431983) Importer(815301076,1909f56bfc062723c751e8b465ee728b)  -> (artifact id: '1396706dcb6e2b530033909d4fda9117') in 0.027035 seconds 
  Import took 0.030176 seconds .

========================================================================
Received Import Request.
  Time since last request: 0.000212 seconds.
  path: Assets/Sprites/cat/Hurt (6).png
  artifactKey: Guid(70727c13a526f8341aea7b3ed3948083) Importer(815301076,1909f56bfc062723c751e8b465ee728b)
Start importing Assets/Sprites/cat/Hurt (6).png using Guid(70727c13a526f8341aea7b3ed3948083) Importer(815301076,1909f56bfc062723c751e8b465ee728b)  -> (artifact id: 'fcbfe97a403bcecefa20163ffe9554ed') in 0.021489 seconds 
  Import took 0.025437 seconds .

========================================================================
Received Import Request.
  Time since last request: 0.000218 seconds.
  path: Assets/Sprites/cat/Walk (2).png
  artifactKey: Guid(dda89c894fb05c34caaa75ac44b38096) Importer(815301076,1909f56bfc062723c751e8b465ee728b)
Start importing Assets/Sprites/cat/Walk (2).png using Guid(dda89c894fb05c34caaa75ac44b38096) Importer(815301076,1909f56bfc062723c751e8b465ee728b)  -> (artifact id: '40bd2706b9d8529c9f0e39a887c1fba9') in 0.018737 seconds 
  Import took 0.022242 seconds .

========================================================================
Received Import Request.
  Time since last request: 0.000188 seconds.
  path: Assets/Sprites/cat/Jump (1).png
  artifactKey: Guid(d8ff8f24704a231438548092fa56a949) Importer(815301076,1909f56bfc062723c751e8b465ee728b)
Start importing Assets/Sprites/cat/Jump (1).png using Guid(d8ff8f24704a231438548092fa56a949) Importer(815301076,1909f56bfc062723c751e8b465ee728b)  -> (artifact id: '57832a55c9bdbde9b5f6ede12c9ed0c5') in 0.026230 seconds 
  Import took 0.029283 seconds .

========================================================================
Received Import Request.
  Time since last request: 0.000183 seconds.
  path: Assets/Sprites/cat/Dead (2).png
  artifactKey: Guid(3d61626367de5fb42b32b0e60d810cdb) Importer(815301076,1909f56bfc062723c751e8b465ee728b)
Start importing Assets/Sprites/cat/Dead (2).png using Guid(3d61626367de5fb42b32b0e60d810cdb) Importer(815301076,1909f56bfc062723c751e8b465ee728b)  -> (artifact id: 'fcf0f962333e6f07b2afdfef99259051') in 0.018919 seconds 
  Import took 0.021971 seconds .

========================================================================
Received Import Request.
  Time since last request: 0.000207 seconds.
  path: Assets/Sprites/cat/Idle (1).png
  artifactKey: Guid(dca1a903bd32e3642b7bf12329d60351) Importer(815301076,1909f56bfc062723c751e8b465ee728b)
Start importing Assets/Sprites/cat/Idle (1).png using Guid(dca1a903bd32e3642b7bf12329d60351) Importer(815301076,1909f56bfc062723c751e8b465ee728b)  -> (artifact id: '71268e05bb6d479bad8549b4d45cf5ac') in 0.017898 seconds 
  Import took 0.021219 seconds .

========================================================================
Received Import Request.
  Time since last request: 0.000193 seconds.
  path: Assets/Sprites/cat/Slide (9).png
  artifactKey: Guid(c2d92177ccea6bd43a811ffc4d92eb24) Importer(815301076,1909f56bfc062723c751e8b465ee728b)
Start importing Assets/Sprites/cat/Slide (9).png using Guid(c2d92177ccea6bd43a811ffc4d92eb24) Importer(815301076,1909f56bfc062723c751e8b465ee728b)  -> (artifact id: 'b226fc6fd832af1f3da38ebed5445ec0') in 0.020454 seconds 
  Import took 0.023661 seconds .

========================================================================
Received Import Request.
  Time since last request: 0.000208 seconds.
  path: Assets/Sprites/cat/Jump (4).png
  artifactKey: Guid(8e5d951b71a16c041a3da2dae767b95d) Importer(815301076,1909f56bfc062723c751e8b465ee728b)
Start importing Assets/Sprites/cat/Jump (4).png using Guid(8e5d951b71a16c041a3da2dae767b95d) Importer(815301076,1909f56bfc062723c751e8b465ee728b)  -> (artifact id: 'ae08acec87de97e279531151ddf01774') in 0.024570 seconds 
  Import took 0.027878 seconds .

========================================================================
Received Import Request.
  Time since last request: 0.000277 seconds.
  path: Assets/Sprites/cat/Run (8).png
  artifactKey: Guid(21b0657d602a5ae4189a7792ab60a5c7) Importer(815301076,1909f56bfc062723c751e8b465ee728b)
Start importing Assets/Sprites/cat/Run (8).png using Guid(21b0657d602a5ae4189a7792ab60a5c7) Importer(815301076,1909f56bfc062723c751e8b465ee728b)  -> (artifact id: 'bf2d51a005841b3868c8f4913274d390') in 0.024599 seconds 
  Import took 0.027986 seconds .

========================================================================
Received Import Request.
  Time since last request: 0.000217 seconds.
  path: Assets/Sprites/cat/Idle (4).png
  artifactKey: Guid(c307cb9bd7bf3e549818a887568ac7de) Importer(815301076,1909f56bfc062723c751e8b465ee728b)
Start importing Assets/Sprites/cat/Idle (4).png using Guid(c307cb9bd7bf3e549818a887568ac7de) Importer(815301076,1909f56bfc062723c751e8b465ee728b)  -> (artifact id: '06230a1b396ea056cca8b3c2b9fc2b21') in 0.017826 seconds 
  Import took 0.020991 seconds .

========================================================================
Received Import Request.
  Time since last request: 0.000217 seconds.
  path: Assets/Sprites/cat/Walk (4).png
  artifactKey: Guid(8a463904dfd3b2949b278e3ac6e59746) Importer(815301076,1909f56bfc062723c751e8b465ee728b)
Start importing Assets/Sprites/cat/Walk (4).png using Guid(8a463904dfd3b2949b278e3ac6e59746) Importer(815301076,1909f56bfc062723c751e8b465ee728b)  -> (artifact id: '1caac6beaf962f2cbf0ff3e17813bc54') in 0.021195 seconds 
  Import took 0.024434 seconds .

========================================================================
Received Import Request.
  Time since last request: 0.000185 seconds.
  path: Assets/Sprites/cat/Dead (5).png
  artifactKey: Guid(c25a5e92014338f4c99a6eb2a9b98379) Importer(815301076,1909f56bfc062723c751e8b465ee728b)
Start importing Assets/Sprites/cat/Dead (5).png using Guid(c25a5e92014338f4c99a6eb2a9b98379) Importer(815301076,1909f56bfc062723c751e8b465ee728b)  -> (artifact id: 'eae798add0b7d2be4fd09194d6b3e0e8') in 0.019356 seconds 
  Import took 0.022759 seconds .

========================================================================
Received Import Request.
  Time since last request: 0.000256 seconds.
  path: Assets/Sprites/cat/Slide (1).png
  artifactKey: Guid(933dcc320e73df446a4a55556cdb68b2) Importer(815301076,1909f56bfc062723c751e8b465ee728b)
Start importing Assets/Sprites/cat/Slide (1).png using Guid(933dcc320e73df446a4a55556cdb68b2) Importer(815301076,1909f56bfc062723c751e8b465ee728b)  -> (artifact id: '55205eb3bc3491c3d2aca697a564789d') in 0.020013 seconds 
  Import took 0.023414 seconds .

========================================================================
Received Import Request.
  Time since last request: 0.000222 seconds.
  path: Assets/Sprites/cat/Hurt (4).png
  artifactKey: Guid(8426e36eba3cb384ead4e7c436aaffaa) Importer(815301076,1909f56bfc062723c751e8b465ee728b)
Start importing Assets/Sprites/cat/Hurt (4).png using Guid(8426e36eba3cb384ead4e7c436aaffaa) Importer(815301076,1909f56bfc062723c751e8b465ee728b)  -> (artifact id: '1dc11b1be8c268ceaef4f47c4781d0f9') in 0.023287 seconds 
  Import took 0.027033 seconds .

========================================================================
Received Import Request.
  Time since last request: 0.000216 seconds.
  path: Assets/Sprites/cat/Fall (5).png
  artifactKey: Guid(02e8b9bbb2238794f91d9ab980cef36b) Importer(815301076,1909f56bfc062723c751e8b465ee728b)
Start importing Assets/Sprites/cat/Fall (5).png using Guid(02e8b9bbb2238794f91d9ab980cef36b) Importer(815301076,1909f56bfc062723c751e8b465ee728b)  -> (artifact id: '44d650cefd2958bcec053ad2af4a43ac') in 0.026323 seconds 
  Import took 0.029879 seconds .

========================================================================
Received Import Request.
  Time since last request: 0.000209 seconds.
  path: Assets/Sprites/cat/Dead (9).png
  artifactKey: Guid(7d5780d538df56c4b9bc5be50dd5764e) Importer(815301076,1909f56bfc062723c751e8b465ee728b)
Start importing Assets/Sprites/cat/Dead (9).png using Guid(7d5780d538df56c4b9bc5be50dd5764e) Importer(815301076,1909f56bfc062723c751e8b465ee728b)  -> (artifact id: 'e2aea0699980114fab5afc2bd41b1f54') in 0.021419 seconds 
  Import took 0.024514 seconds .

========================================================================
Received Import Request.
  Time since last request: 0.000200 seconds.
  path: Assets/Sprites/cat/Idle (8).png
  artifactKey: Guid(ddba132840cffcd4f97294853a3caf7b) Importer(815301076,1909f56bfc062723c751e8b465ee728b)
Start importing Assets/Sprites/cat/Idle (8).png using Guid(ddba132840cffcd4f97294853a3caf7b) Importer(815301076,1909f56bfc062723c751e8b465ee728b)  -> (artifact id: '7c051a97f3cfa910945089a8713b45e3') in 0.014670 seconds 
  Import took 0.017862 seconds .

========================================================================
Received Import Request.
  Time since last request: 0.000189 seconds.
  path: Assets/Sprites/cat/Fall (4).png
  artifactKey: Guid(2996bb31e433e0242be7ed7a7b47e794) Importer(815301076,1909f56bfc062723c751e8b465ee728b)
Start importing Assets/Sprites/cat/Fall (4).png using Guid(2996bb31e433e0242be7ed7a7b47e794) Importer(815301076,1909f56bfc062723c751e8b465ee728b)  -> (artifact id: 'df3a2ab33c5b9b9dc35525d958a7c48b') in 0.017227 seconds 
  Import took 0.020481 seconds .

========================================================================
Received Import Request.
  Time since last request: 0.000211 seconds.
  path: Assets/Sprites/cat/Hurt (8).png
  artifactKey: Guid(87e8f5f9fcc07e24d9b5ca657be4c958) Importer(815301076,1909f56bfc062723c751e8b465ee728b)
Start importing Assets/Sprites/cat/Hurt (8).png using Guid(87e8f5f9fcc07e24d9b5ca657be4c958) Importer(815301076,1909f56bfc062723c751e8b465ee728b)  -> (artifact id: '258db40a3a66e97c2cfb15c9172581ee') in 0.015451 seconds 
  Import took 0.019067 seconds .

========================================================================
Received Import Request.
  Time since last request: 0.000237 seconds.
  path: Assets/Sprites/cat/Idle (10).png
  artifactKey: Guid(a0cf1d9e0cd8bfe42ad5b2fced885397) Importer(815301076,1909f56bfc062723c751e8b465ee728b)
Start importing Assets/Sprites/cat/Idle (10).png using Guid(a0cf1d9e0cd8bfe42ad5b2fced885397) Importer(815301076,1909f56bfc062723c751e8b465ee728b)  -> (artifact id: 'efbe16cf56d7367476f89dea9735c360') in 0.016472 seconds 
  Import took 0.019987 seconds .

========================================================================
Received Import Request.
  Time since last request: 0.000232 seconds.
  path: Assets/Sprites/cat/Dead (4).png
  artifactKey: Guid(8c8a6ade607f69f4fa7feb3742128e7d) Importer(815301076,1909f56bfc062723c751e8b465ee728b)
Start importing Assets/Sprites/cat/Dead (4).png using Guid(8c8a6ade607f69f4fa7feb3742128e7d) Importer(815301076,1909f56bfc062723c751e8b465ee728b)  -> (artifact id: '03cd7488e3bb19155c6d76f13a5f1985') in 0.017914 seconds 
  Import took 0.021194 seconds .

========================================================================
Received Import Request.
  Time since last request: 0.000186 seconds.
  path: Assets/Sprites/cat/Fall (6).png
  artifactKey: Guid(297c38aadd8326e428ab19fe621583f2) Importer(815301076,1909f56bfc062723c751e8b465ee728b)
Start importing Assets/Sprites/cat/Fall (6).png using Guid(297c38aadd8326e428ab19fe621583f2) Importer(815301076,1909f56bfc062723c751e8b465ee728b)  -> (artifact id: '33f6376ebc62904e55b889b1d04bfe43') in 0.014678 seconds 
  Import took 0.018146 seconds .

========================================================================
Received Import Request.
  Time since last request: 0.000252 seconds.
  path: Assets/Sprites/cat/Jump (6).png
  artifactKey: Guid(bc9b52f4a9b0f7f4cb760e61a8a03e3a) Importer(815301076,1909f56bfc062723c751e8b465ee728b)
Start importing Assets/Sprites/cat/Jump (6).png using Guid(bc9b52f4a9b0f7f4cb760e61a8a03e3a) Importer(815301076,1909f56bfc062723c751e8b465ee728b)  -> (artifact id: '0f27f02e91d34c660504a557cc49578f') in 0.020924 seconds 
  Import took 0.024707 seconds .

========================================================================
Received Import Request.
  Time since last request: 0.000259 seconds.
  path: Assets/Sprites/cat/Walk (8).png
  artifactKey: Guid(f831e42defa1acd499cb0e993cab8973) Importer(815301076,1909f56bfc062723c751e8b465ee728b)
Start importing Assets/Sprites/cat/Walk (8).png using Guid(f831e42defa1acd499cb0e993cab8973) Importer(815301076,1909f56bfc062723c751e8b465ee728b)  -> (artifact id: 'da3a848c7369b13863f003c4e086ed54') in 0.015342 seconds 
  Import took 0.018858 seconds .

========================================================================
Received Import Request.
  Time since last request: 0.000336 seconds.
  path: Assets/Sprites/cat/Run (4).png
  artifactKey: Guid(803e518bd172b594299bbb40491e2240) Importer(815301076,1909f56bfc062723c751e8b465ee728b)
Start importing Assets/Sprites/cat/Run (4).png using Guid(803e518bd172b594299bbb40491e2240) Importer(815301076,1909f56bfc062723c751e8b465ee728b)  -> (artifact id: 'e5c3dba989f0c3dba739637bb276d78b') in 0.017903 seconds 
  Import took 0.021304 seconds .

========================================================================
Received Import Request.
  Time since last request: 0.000354 seconds.
  path: Assets/Sprites/cat/Walk (10).png
  artifactKey: Guid(08286245a3c8762439e02897d59f1d0d) Importer(815301076,1909f56bfc062723c751e8b465ee728b)
Start importing Assets/Sprites/cat/Walk (10).png using Guid(08286245a3c8762439e02897d59f1d0d) Importer(815301076,1909f56bfc062723c751e8b465ee728b)  -> (artifact id: '59e14af496f30691a4f471f26cabf071') in 0.018077 seconds 
  Import took 0.021775 seconds .

========================================================================
Received Import Request.
  Time since last request: 0.000196 seconds.
  path: Assets/Sprites/cat/Slide (7).png
  artifactKey: Guid(bb0d425dc75b48342a640cf7d693638b) Importer(815301076,1909f56bfc062723c751e8b465ee728b)
Start importing Assets/Sprites/cat/Slide (7).png using Guid(bb0d425dc75b48342a640cf7d693638b) Importer(815301076,1909f56bfc062723c751e8b465ee728b)  -> (artifact id: '317726033850237defdbff6e66033d41') in 0.015496 seconds 
  Import took 0.018820 seconds .

========================================================================
Received Import Request.
  Time since last request: 0.000218 seconds.
  path: Assets/Sprites/cat/Walk (9).png
  artifactKey: Guid(ced00e0aabb46cd48a93a5d30913bcb2) Importer(815301076,1909f56bfc062723c751e8b465ee728b)
Start importing Assets/Sprites/cat/Walk (9).png using Guid(ced00e0aabb46cd48a93a5d30913bcb2) Importer(815301076,1909f56bfc062723c751e8b465ee728b)  -> (artifact id: '7e77700b924791154df18a7e7e884a5a') in 0.015155 seconds 
  Import took 0.018580 seconds .

========================================================================
Received Import Request.
  Time since last request: 0.000180 seconds.
  path: Assets/Sprites/cat/Slide (10).png
  artifactKey: Guid(1d5c5f40c5429944c90d4c53fa0a20cf) Importer(815301076,1909f56bfc062723c751e8b465ee728b)
Start importing Assets/Sprites/cat/Slide (10).png using Guid(1d5c5f40c5429944c90d4c53fa0a20cf) Importer(815301076,1909f56bfc062723c751e8b465ee728b)  -> (artifact id: '0276bac2061702590c41298b18c7075d') in 0.015090 seconds 
  Import took 0.018513 seconds .

========================================================================
Received Import Request.
  Time since last request: 0.000191 seconds.
  path: Assets/Sprites/cat/Dead (6).png
  artifactKey: Guid(75ef8684528fcfb4b9b82e55f2527ccc) Importer(815301076,1909f56bfc062723c751e8b465ee728b)
Start importing Assets/Sprites/cat/Dead (6).png using Guid(75ef8684528fcfb4b9b82e55f2527ccc) Importer(815301076,1909f56bfc062723c751e8b465ee728b)  -> (artifact id: '63fe3ecfafb745220695aded609399ee') in 0.015733 seconds 
  Import took 0.018968 seconds .

========================================================================
Received Import Request.
  Time since last request: 0.000204 seconds.
  path: Assets/Sprites/cat/Idle (7).png
  artifactKey: Guid(f76e2e1b00c39fd47bab90a4db07e58e) Importer(815301076,1909f56bfc062723c751e8b465ee728b)
Start importing Assets/Sprites/cat/Idle (7).png using Guid(f76e2e1b00c39fd47bab90a4db07e58e) Importer(815301076,1909f56bfc062723c751e8b465ee728b)  -> (artifact id: '7fea8e64d4dfae37e1452d0c73138db1') in 0.017417 seconds 
  Import took 0.020812 seconds .

========================================================================
Received Import Request.
  Time since last request: 0.000335 seconds.
  path: Assets/Sprites/cat/Dead (10).png
  artifactKey: Guid(0e52f8254c88b92469063dc99ff11cba) Importer(815301076,1909f56bfc062723c751e8b465ee728b)
Start importing Assets/Sprites/cat/Dead (10).png using Guid(0e52f8254c88b92469063dc99ff11cba) Importer(815301076,1909f56bfc062723c751e8b465ee728b)  -> (artifact id: 'af9baf245748b9079795ab776fc1f033') in 0.018250 seconds 
  Import took 0.022052 seconds .

========================================================================
Received Import Request.
  Time since last request: 0.000251 seconds.
  path: Assets/Sprites/cat/Hurt (10).png
  artifactKey: Guid(428fcba52e153294f8380507e841ceed) Importer(815301076,1909f56bfc062723c751e8b465ee728b)
Start importing Assets/Sprites/cat/Hurt (10).png using Guid(428fcba52e153294f8380507e841ceed) Importer(815301076,1909f56bfc062723c751e8b465ee728b)  -> (artifact id: 'b1d68483a6b73a280ebf7d35e35bf13d') in 0.018475 seconds 
  Import took 0.021934 seconds .

========================================================================
Received Import Request.
  Time since last request: 0.000238 seconds.
  path: Assets/Sprites/cat/Run (1).png
  artifactKey: Guid(a811e19239655a2478e8442bdcabedfa) Importer(815301076,1909f56bfc062723c751e8b465ee728b)
Start importing Assets/Sprites/cat/Run (1).png using Guid(a811e19239655a2478e8442bdcabedfa) Importer(815301076,1909f56bfc062723c751e8b465ee728b)  -> (artifact id: 'd688128eddddc8eb88511e640dffc792') in 0.014642 seconds 
  Import took 0.017935 seconds .

========================================================================
Received Import Request.
  Time since last request: 0.000244 seconds.
  path: Assets/Sprites/cat/Run (2).png
  artifactKey: Guid(b78d21e7c79e4a743bc296c294991f7f) Importer(815301076,1909f56bfc062723c751e8b465ee728b)
Start importing Assets/Sprites/cat/Run (2).png using Guid(b78d21e7c79e4a743bc296c294991f7f) Importer(815301076,1909f56bfc062723c751e8b465ee728b)  -> (artifact id: 'fec463816ed32e2d90e2fe9794542084') in 0.015628 seconds 
  Import took 0.019039 seconds .

========================================================================
Received Import Request.
  Time since last request: 0.000273 seconds.
  path: Assets/Sprites/cat/Idle (3).png
  artifactKey: Guid(106291b5c659b6f4caf4ab2b8e24b865) Importer(815301076,1909f56bfc062723c751e8b465ee728b)
Start importing Assets/Sprites/cat/Idle (3).png using Guid(106291b5c659b6f4caf4ab2b8e24b865) Importer(815301076,1909f56bfc062723c751e8b465ee728b)  -> (artifact id: '71cb3d61e47a23169d4ef5560f3356d4') in 0.014974 seconds 
  Import took 0.018375 seconds .

========================================================================
Received Import Request.
  Time since last request: 0.000215 seconds.
  path: Assets/Sprites/cat/Idle (9).png
  artifactKey: Guid(498db90a0a16b9245aab5817002413c5) Importer(815301076,1909f56bfc062723c751e8b465ee728b)
Start importing Assets/Sprites/cat/Idle (9).png using Guid(498db90a0a16b9245aab5817002413c5) Importer(815301076,1909f56bfc062723c751e8b465ee728b)  -> (artifact id: '050c7c267c40fe402dac2a437312a343') in 0.017820 seconds 
  Import took 0.021566 seconds .

========================================================================
Received Import Request.
  Time since last request: 0.000181 seconds.
  path: Assets/Sprites/cat/Fall (7).png
  artifactKey: Guid(71216af8c405c114382ebbfb5b4e84ce) Importer(815301076,1909f56bfc062723c751e8b465ee728b)
Start importing Assets/Sprites/cat/Fall (7).png using Guid(71216af8c405c114382ebbfb5b4e84ce) Importer(815301076,1909f56bfc062723c751e8b465ee728b)  -> (artifact id: '75fa3d52935225abd30a9e971e4764d3') in 0.019549 seconds 
  Import took 0.022835 seconds .

========================================================================
Received Import Request.
  Time since last request: 0.000232 seconds.
  path: Assets/Sprites/cat/Hurt (9).png
  artifactKey: Guid(73c32e8d5a245ad4495d4f0c97f8b48c) Importer(815301076,1909f56bfc062723c751e8b465ee728b)
Start importing Assets/Sprites/cat/Hurt (9).png using Guid(73c32e8d5a245ad4495d4f0c97f8b48c) Importer(815301076,1909f56bfc062723c751e8b465ee728b)  -> (artifact id: '05f4d85e54fd5486e33c2dfc1986db08') in 0.019597 seconds 
  Import took 0.023015 seconds .

========================================================================
Received Import Request.
  Time since last request: 0.000192 seconds.
  path: Assets/Sprites/cat/Jump (3).png
  artifactKey: Guid(c5d6f447cf3926f41bf4b6d5eded69c7) Importer(815301076,1909f56bfc062723c751e8b465ee728b)
Start importing Assets/Sprites/cat/Jump (3).png using Guid(c5d6f447cf3926f41bf4b6d5eded69c7) Importer(815301076,1909f56bfc062723c751e8b465ee728b)  -> (artifact id: 'bc3f997713bc0c685953a9ed3e6e7f39') in 0.018963 seconds 
  Import took 0.022260 seconds .

========================================================================
Received Import Request.
  Time since last request: 0.000236 seconds.
  path: Assets/Sprites/cat/Fall (3).png
  artifactKey: Guid(f234668f39fa3d94b98e873873e00915) Importer(815301076,1909f56bfc062723c751e8b465ee728b)
Start importing Assets/Sprites/cat/Fall (3).png using Guid(f234668f39fa3d94b98e873873e00915) Importer(815301076,1909f56bfc062723c751e8b465ee728b)  -> (artifact id: '41654f451e5636f22d81c05ae95785c6') in 0.017215 seconds 
  Import took 0.020734 seconds .

========================================================================
Received Import Request.
  Time since last request: 0.000212 seconds.
  path: Assets/Sprites/cat/Run (7).png
  artifactKey: Guid(652cb49cb861eba488d04a8ca20c1781) Importer(815301076,1909f56bfc062723c751e8b465ee728b)
Start importing Assets/Sprites/cat/Run (7).png using Guid(652cb49cb861eba488d04a8ca20c1781) Importer(815301076,1909f56bfc062723c751e8b465ee728b)  -> (artifact id: '1ecb3b65687cd1156443474035ef05e1') in 0.015532 seconds 
  Import took 0.019015 seconds .

========================================================================
Received Import Request.
  Time since last request: 0.000243 seconds.
  path: Assets/Sprites/cat/Hurt (1).png
  artifactKey: Guid(775eba7160d407d4d9ac01aa1b2c6788) Importer(815301076,1909f56bfc062723c751e8b465ee728b)
Start importing Assets/Sprites/cat/Hurt (1).png using Guid(775eba7160d407d4d9ac01aa1b2c6788) Importer(815301076,1909f56bfc062723c751e8b465ee728b)  -> (artifact id: 'abdd23bbe143f52c68faa3e4cd9ae77e') in 0.015640 seconds 
  Import took 0.019399 seconds .

========================================================================
Received Import Request.
  Time since last request: 0.000217 seconds.
  path: Assets/Sprites/cat/Hurt (7).png
  artifactKey: Guid(e92f0bf685315834bbb9f79ce0b7f516) Importer(815301076,1909f56bfc062723c751e8b465ee728b)
Start importing Assets/Sprites/cat/Hurt (7).png using Guid(e92f0bf685315834bbb9f79ce0b7f516) Importer(815301076,1909f56bfc062723c751e8b465ee728b)  -> (artifact id: '246c8786d65459cd90e47a2e765246bc') in 0.017056 seconds 
  Import took 0.020416 seconds .

========================================================================
Received Import Request.
  Time since last request: 0.000199 seconds.
  path: Assets/Sprites/cat/Hurt (5).png
  artifactKey: Guid(e2230e686cab1c046a9dd8fff01a9397) Importer(815301076,1909f56bfc062723c751e8b465ee728b)
Start importing Assets/Sprites/cat/Hurt (5).png using Guid(e2230e686cab1c046a9dd8fff01a9397) Importer(815301076,1909f56bfc062723c751e8b465ee728b)  -> (artifact id: '13cc0b1765da9e590381e3f18feaaf2f') in 0.018102 seconds 
  Import took 0.021281 seconds .

========================================================================
Received Import Request.
  Time since last request: 0.000183 seconds.
  path: Assets/Sprites/cat/Jump (8).png
  artifactKey: Guid(a6e7fa982ba395f42979fd8b215ccaec) Importer(815301076,1909f56bfc062723c751e8b465ee728b)
Start importing Assets/Sprites/cat/Jump (8).png using Guid(a6e7fa982ba395f42979fd8b215ccaec) Importer(815301076,1909f56bfc062723c751e8b465ee728b)  -> (artifact id: '20e71f43407a183cfdd515169a958ad3') in 0.015155 seconds 
  Import took 0.018392 seconds .

========================================================================
Received Import Request.
  Time since last request: 0.000217 seconds.
  path: Assets/Sprites/cat/Fall (8).png
  artifactKey: Guid(02067d14ead906f418f825c951209746) Importer(815301076,1909f56bfc062723c751e8b465ee728b)
Start importing Assets/Sprites/cat/Fall (8).png using Guid(02067d14ead906f418f825c951209746) Importer(815301076,1909f56bfc062723c751e8b465ee728b)  -> (artifact id: '98fadee10139b0650b65ca860aace49d') in 0.014834 seconds 
  Import took 0.018335 seconds .

========================================================================
Received Import Request.
  Time since last request: 0.000215 seconds.
  path: Assets/Sprites/cat/Hurt (3).png
  artifactKey: Guid(f4b7ce62b62d39942bad3eaab420abb6) Importer(815301076,1909f56bfc062723c751e8b465ee728b)
Start importing Assets/Sprites/cat/Hurt (3).png using Guid(f4b7ce62b62d39942bad3eaab420abb6) Importer(815301076,1909f56bfc062723c751e8b465ee728b)  -> (artifact id: '1bf98912d947597cd30c769a77acf7df') in 0.014852 seconds 
  Import took 0.018051 seconds .

========================================================================
Received Import Request.
  Time since last request: 0.000249 seconds.
  path: Assets/Sprites/cat/Dead (8).png
  artifactKey: Guid(eaff22b70ed182943b216aec86fad7e8) Importer(815301076,1909f56bfc062723c751e8b465ee728b)
Start importing Assets/Sprites/cat/Dead (8).png using Guid(eaff22b70ed182943b216aec86fad7e8) Importer(815301076,1909f56bfc062723c751e8b465ee728b)  -> (artifact id: 'ecc1f215e98abd2438a1c0d5fb0d93b9') in 0.016329 seconds 
  Import took 0.019744 seconds .

========================================================================
Received Import Request.
  Time since last request: 0.000220 seconds.
  path: Assets/Sprites/cat/Idle (6).png
  artifactKey: Guid(ee52fc00beb6e1a4b91dd788400cfd70) Importer(815301076,1909f56bfc062723c751e8b465ee728b)
Start importing Assets/Sprites/cat/Idle (6).png using Guid(ee52fc00beb6e1a4b91dd788400cfd70) Importer(815301076,1909f56bfc062723c751e8b465ee728b)  -> (artifact id: '14ad7714cdfe55a8cd6bba616c709536') in 0.017012 seconds 
  Import took 0.020258 seconds .

========================================================================
Received Import Request.
  Time since last request: 0.000185 seconds.
  path: Assets/Sprites/cat/Slide (6).png
  artifactKey: Guid(cb299612c49900e4d9535a29792eead5) Importer(815301076,1909f56bfc062723c751e8b465ee728b)
Start importing Assets/Sprites/cat/Slide (6).png using Guid(cb299612c49900e4d9535a29792eead5) Importer(815301076,1909f56bfc062723c751e8b465ee728b)  -> (artifact id: 'ec3062ef640fbc4e366fdec381b72c66') in 0.019192 seconds 
  Import took 0.022574 seconds .

========================================================================
Received Import Request.
  Time since last request: 0.000244 seconds.
  path: Assets/Sprites/cat/Walk (3).png
  artifactKey: Guid(e2d03016acf03374788b3252761a562f) Importer(815301076,1909f56bfc062723c751e8b465ee728b)
Start importing Assets/Sprites/cat/Walk (3).png using Guid(e2d03016acf03374788b3252761a562f) Importer(815301076,1909f56bfc062723c751e8b465ee728b)  -> (artifact id: '10824d88b366a938da9fac12df888f3b') in 0.014947 seconds 
  Import took 0.018269 seconds .

========================================================================
Received Import Request.
  Time since last request: 0.000203 seconds.
  path: Assets/Sprites/cat/Slide (2).png
  artifactKey: Guid(ff0f6a8a4c7a9094b9df90497c937c56) Importer(815301076,1909f56bfc062723c751e8b465ee728b)
Start importing Assets/Sprites/cat/Slide (2).png using Guid(ff0f6a8a4c7a9094b9df90497c937c56) Importer(815301076,1909f56bfc062723c751e8b465ee728b)  -> (artifact id: '6fc82e5f16fb3c7c72e7f72e5dcd389b') in 0.484397 seconds 
  Import took 0.487539 seconds .

========================================================================
Received Import Request.
  Time since last request: 0.000204 seconds.
  path: Assets/Sprites/cat/Jump (5).png
  artifactKey: Guid(f56af3321a33c564aa794bdeb4038433) Importer(815301076,1909f56bfc062723c751e8b465ee728b)
Start importing Assets/Sprites/cat/Jump (5).png using Guid(f56af3321a33c564aa794bdeb4038433) Importer(815301076,1909f56bfc062723c751e8b465ee728b)  -> (artifact id: '3f5f94a1c6723f28c0ecc503b1c836f6') in 0.017526 seconds 
  Import took 0.020727 seconds .

========================================================================
Received Import Request.
  Time since last request: 0.000250 seconds.
  path: Assets/Sprites/cat/Dead (3).png
  artifactKey: Guid(6de455a9665995845b7b95bc650164a1) Importer(815301076,1909f56bfc062723c751e8b465ee728b)
Start importing Assets/Sprites/cat/Dead (3).png using Guid(6de455a9665995845b7b95bc650164a1) Importer(815301076,1909f56bfc062723c751e8b465ee728b)  -> (artifact id: '6a33fd347d8abf6bdafc700101cd8f98') in 0.017146 seconds 
  Import took 0.021314 seconds .

========================================================================
Received Import Request.
  Time since last request: 0.000234 seconds.
  path: Assets/Sprites/cat/Slide (4).png
  artifactKey: Guid(54673fd8a1ccb2847b8dfb501ca2c3ea) Importer(815301076,1909f56bfc062723c751e8b465ee728b)
Start importing Assets/Sprites/cat/Slide (4).png using Guid(54673fd8a1ccb2847b8dfb501ca2c3ea) Importer(815301076,1909f56bfc062723c751e8b465ee728b)  -> (artifact id: '8dae17429725284282f8e847bcbd0f92') in 0.015011 seconds 
  Import took 0.018402 seconds .

========================================================================
Received Import Request.
  Time since last request: 0.000208 seconds.
  path: Assets/Sprites/cat/Slide (5).png
  artifactKey: Guid(7a0fcbeb154a4bf4a9cf5ae27ab0cc0d) Importer(815301076,1909f56bfc062723c751e8b465ee728b)
Start importing Assets/Sprites/cat/Slide (5).png using Guid(7a0fcbeb154a4bf4a9cf5ae27ab0cc0d) Importer(815301076,1909f56bfc062723c751e8b465ee728b)  -> (artifact id: 'c9eabb07fbac46dbd1fbc88a46831946') in 0.020195 seconds 
  Import took 0.023321 seconds .

========================================================================
Received Import Request.
  Time since last request: 0.000235 seconds.
  path: Assets/Sprites/cat/Walk (1).png
  artifactKey: Guid(be402e76fe62cfb46ac8c25cabd2a7dd) Importer(815301076,1909f56bfc062723c751e8b465ee728b)
Start importing Assets/Sprites/cat/Walk (1).png using Guid(be402e76fe62cfb46ac8c25cabd2a7dd) Importer(815301076,1909f56bfc062723c751e8b465ee728b)  -> (artifact id: '92cfe0433a15d737f46a0829e3dc3fb4') in 0.014536 seconds 
  Import took 0.017839 seconds .

========================================================================
Received Import Request.
  Time since last request: 0.000228 seconds.
  path: Assets/Sprites/cat/Walk (5).png
  artifactKey: Guid(297f2d1f34f921349b7110d9871f8a47) Importer(815301076,1909f56bfc062723c751e8b465ee728b)
Start importing Assets/Sprites/cat/Walk (5).png using Guid(297f2d1f34f921349b7110d9871f8a47) Importer(815301076,1909f56bfc062723c751e8b465ee728b)  -> (artifact id: 'afceee1b96c6b1827794b7b1259cdf6b') in 0.015190 seconds 
  Import took 0.018502 seconds .

========================================================================
Received Import Request.
  Time since last request: 0.000183 seconds.
  path: Assets/Sprites/cat/Jump (7).png
  artifactKey: Guid(4ff729eed0b635f4897ab53f5dc58a58) Importer(815301076,1909f56bfc062723c751e8b465ee728b)
Start importing Assets/Sprites/cat/Jump (7).png using Guid(4ff729eed0b635f4897ab53f5dc58a58) Importer(815301076,1909f56bfc062723c751e8b465ee728b)  -> (artifact id: 'e861386b73f0a94122053e2069d39b1f') in 0.014462 seconds 
  Import took 0.017483 seconds .

========================================================================
Received Import Request.
  Time since last request: 0.000237 seconds.
  path: Assets/Sprites/cat/Idle (2).png
  artifactKey: Guid(424fa650eac989541982ec94126e64dd) Importer(815301076,1909f56bfc062723c751e8b465ee728b)
Start importing Assets/Sprites/cat/Idle (2).png using Guid(424fa650eac989541982ec94126e64dd) Importer(815301076,1909f56bfc062723c751e8b465ee728b)  -> (artifact id: 'a172bf27a9b35edb20f2e7ed933c62cb') in 0.017485 seconds 
  Import took 0.021333 seconds .

========================================================================
Received Import Request.
  Time since last request: 0.000282 seconds.
  path: Assets/Sprites/cat/Jump (2).png
  artifactKey: Guid(7b3656d6a3e2ec240892e429749a7460) Importer(815301076,1909f56bfc062723c751e8b465ee728b)
Start importing Assets/Sprites/cat/Jump (2).png using Guid(7b3656d6a3e2ec240892e429749a7460) Importer(815301076,1909f56bfc062723c751e8b465ee728b)  -> (artifact id: 'ae227bc1dbe41deaa5f0500fdd415d7b') in 0.018385 seconds 
  Import took 0.022136 seconds .

========================================================================
Received Import Request.
  Time since last request: 0.000253 seconds.
  path: Assets/Sprites/cat/Run (6).png
  artifactKey: Guid(db35050c3588e6545bdec52c8e4eecd3) Importer(815301076,1909f56bfc062723c751e8b465ee728b)
Start importing Assets/Sprites/cat/Run (6).png using Guid(db35050c3588e6545bdec52c8e4eecd3) Importer(815301076,1909f56bfc062723c751e8b465ee728b)  -> (artifact id: '7b2d868142d771e0eb5faf80dcb362e6') in 0.019115 seconds 
  Import took 0.022844 seconds .

========================================================================
Received Import Request.
  Time since last request: 0.000206 seconds.
  path: Assets/Sprites/cat/Walk (7).png
  artifactKey: Guid(24638bdb91b7be44e81e2e04d0ff601e) Importer(815301076,1909f56bfc062723c751e8b465ee728b)
Start importing Assets/Sprites/cat/Walk (7).png using Guid(24638bdb91b7be44e81e2e04d0ff601e) Importer(815301076,1909f56bfc062723c751e8b465ee728b)  -> (artifact id: '21e6497bebd9ccb887359f2d43cb76a6') in 0.016692 seconds 
  Import took 0.019957 seconds .

========================================================================
Received Import Request.
  Time since last request: 0.000186 seconds.
  path: Assets/Sprites/cat/Slide (3).png
  artifactKey: Guid(6e664a26c8665ba44aa0dc0090baa7de) Importer(815301076,1909f56bfc062723c751e8b465ee728b)
Start importing Assets/Sprites/cat/Slide (3).png using Guid(6e664a26c8665ba44aa0dc0090baa7de) Importer(815301076,1909f56bfc062723c751e8b465ee728b)  -> (artifact id: 'b4d2ea8482409284934768d52a3931ac') in 0.017332 seconds 
  Import took 0.020827 seconds .

========================================================================
Received Import Request.
  Time since last request: 0.000354 seconds.
  path: Assets/Sprites/cat/Walk (6).png
  artifactKey: Guid(37710ac62feaaa74b8ef88cb2f9541ee) Importer(815301076,1909f56bfc062723c751e8b465ee728b)
Start importing Assets/Sprites/cat/Walk (6).png using Guid(37710ac62feaaa74b8ef88cb2f9541ee) Importer(815301076,1909f56bfc062723c751e8b465ee728b)  -> (artifact id: '554b60a3243ba369e37c3030c96019fd') in 0.016238 seconds 
  Import took 0.019762 seconds .

========================================================================
Received Import Request.
  Time since last request: 0.000302 seconds.
  path: Assets/Sprites/cat/Dead (7).png
  artifactKey: Guid(fab1fc054ded894478e669271d778482) Importer(815301076,1909f56bfc062723c751e8b465ee728b)
Start importing Assets/Sprites/cat/Dead (7).png using Guid(fab1fc054ded894478e669271d778482) Importer(815301076,1909f56bfc062723c751e8b465ee728b)  -> (artifact id: '4346be738e42df2a4f77d1f0428d3e83') in 0.018074 seconds 
  Import took 0.021947 seconds .

========================================================================
Received Import Request.
  Time since last request: 0.000295 seconds.
  path: Assets/Sprites/cat/Run (5).png
  artifactKey: Guid(58cf2f6abda021b41a225ed9c1ed3e79) Importer(815301076,1909f56bfc062723c751e8b465ee728b)
Start importing Assets/Sprites/cat/Run (5).png using Guid(58cf2f6abda021b41a225ed9c1ed3e79) Importer(815301076,1909f56bfc062723c751e8b465ee728b)  -> (artifact id: 'f584cbd1448efdb388f1a6718afe427c') in 0.019654 seconds 
  Import took 0.023260 seconds .

========================================================================
Received Import Request.
  Time since last request: 0.000278 seconds.
  path: Assets/Sprites/cat/Slide (8).png
  artifactKey: Guid(85ca514aa8f602b44b6d8d2a7bf4ec43) Importer(815301076,1909f56bfc062723c751e8b465ee728b)
Start importing Assets/Sprites/cat/Slide (8).png using Guid(85ca514aa8f602b44b6d8d2a7bf4ec43) Importer(815301076,1909f56bfc062723c751e8b465ee728b)  -> (artifact id: '93ff45b615706dcae9adfd21bbf63c7f') in 0.014226 seconds 
  Import took 0.017606 seconds .

========================================================================
Received Import Request.
  Time since last request: 0.000201 seconds.
  path: Assets/Sprites/cat/Hurt (2).png
  artifactKey: Guid(2a8820a2ae7049a448ef310ff76c41e8) Importer(815301076,1909f56bfc062723c751e8b465ee728b)
Start importing Assets/Sprites/cat/Hurt (2).png using Guid(2a8820a2ae7049a448ef310ff76c41e8) Importer(815301076,1909f56bfc062723c751e8b465ee728b)  -> (artifact id: 'a459591b83e530e6913a36bc8c211562') in 0.015249 seconds 
  Import took 0.018411 seconds .

========================================================================
Received Prepare
Registering precompiled user dll's ...
Registered in 0.003345 seconds.
Begin MonoManager ReloadAssembly
Native extension for WindowsStandalone target not found
Refreshing native plugins compatible for Editor in 0.53 ms, found 3 plugins.
Preloading 0 native plugins for Editor in 0.00 ms.
Mono: successfully reloaded assembly
- Completed reload, in  1.192 seconds
Domain Reload Profiling:
	ReloadAssembly (1192ms)
		BeginReloadAssembly (123ms)
			ExecutionOrderSort (0ms)
			DisableScriptedObjects (7ms)
			BackupInstance (0ms)
			ReleaseScriptingObjects (0ms)
			CreateAndSetChildDomain (40ms)
		EndReloadAssembly (988ms)
			LoadAssemblies (97ms)
			RebuildTransferFunctionScriptingTraits (0ms)
			SetupTypeCache (314ms)
			ReleaseScriptCaches (1ms)
			RebuildScriptCaches (45ms)
			SetupLoadedEditorAssemblies (418ms)
				LogAssemblyErrors (0ms)
				InitializePlatformSupportModulesInManaged (5ms)
				SetLoadedEditorAssemblies (0ms)
				RefreshPlugins (1ms)
				BeforeProcessingInitializeOnLoad (63ms)
				ProcessInitializeOnLoadAttributes (332ms)
				ProcessInitializeOnLoadMethodAttributes (7ms)
				AfterProcessingInitializeOnLoad (9ms)
				EditorAssembliesLoaded (0ms)
			ExecutionOrderSort2 (0ms)
			AwakeInstancesAfterBackupRestoration (13ms)
Platform modules already initialized, skipping
Refreshing native plugins compatible for Editor in 0.57 ms, found 3 plugins.
Preloading 0 native plugins for Editor in 0.00 ms.
Unloading 2082 Unused Serialized files (Serialized files now loaded: 0)
System memory in use before: 95.5 MB.
System memory in use after: 95.7 MB.

Unloading 16 unused Assets to reduce memory usage. Loaded Objects now: 2540.
Total: 3.701200 ms (FindLiveObjects: 0.231400 ms CreateObjectMapping: 0.051700 ms MarkObjects: 3.392400 ms  DeleteObjects: 0.024200 ms)

AssetImportParameters requested are different than current active one (requested -> active):
  custom:framework-win-MediaFoundation: 216162199b28c13a410421893ffa2e32 -> 
  custom:video-decoder-ogg-theora: a1e56fd34408186e4bbccfd4996cb3dc -> 
  custom:container-muxer-webm: aa71ff27fc2769a1b78a27578f13a17b -> 
  custom:container-demuxer-webm: 4f35f7cbe854078d1ac9338744f61a02 -> 
  custom:container-demuxer-ogg: 62fdf1f143b41e24485cea50d1cbac27 -> 
  custom:video-encoder-webm-vp8: eb34c28f22e8b96e1ab97ce403110664 -> 
  custom:video-codec-MediaFoundation-h265: 746d11721c4dcdbdad8f713fa42b33f4 -> 
  custom:video-decoder-webm-vp8: 9c59270c3fd7afecdb556c50c9e8de78 -> 
  custom:audio-decoder-ogg-vorbis: bf7c407c2cedff20999df2af8eb42d56 -> 
  custom:audio-encoder-webm-vorbis: bf7c407c2cedff20999df2af8eb42d56 -> 
========================================================================
Received Import Request.
  Time since last request: 324.837785 seconds.
  path: Assets/Animation/Idle (1).controller
  artifactKey: Guid(1c2da705c0398b34c84fd04c5bc6f0f9) Importer(815301076,1909f56bfc062723c751e8b465ee728b)
Start importing Assets/Animation/Idle (1).controller using Guid(1c2da705c0398b34c84fd04c5bc6f0f9) Importer(815301076,1909f56bfc062723c751e8b465ee728b)  -> (artifact id: 'c8667c452ccef7717f852fc287f79625') in 0.018036 seconds 
  Import took 0.021544 seconds .

========================================================================
Received Prepare
Registering precompiled user dll's ...
Registered in 0.003659 seconds.
Begin MonoManager ReloadAssembly
Native extension for WindowsStandalone target not found
Refreshing native plugins compatible for Editor in 0.52 ms, found 3 plugins.
Preloading 0 native plugins for Editor in 0.00 ms.
Mono: successfully reloaded assembly
- Completed reload, in  1.233 seconds
Domain Reload Profiling:
	ReloadAssembly (1233ms)
		BeginReloadAssembly (116ms)
			ExecutionOrderSort (0ms)
			DisableScriptedObjects (7ms)
			BackupInstance (0ms)
			ReleaseScriptingObjects (0ms)
			CreateAndSetChildDomain (37ms)
		EndReloadAssembly (1043ms)
			LoadAssemblies (99ms)
			RebuildTransferFunctionScriptingTraits (0ms)
			SetupTypeCache (365ms)
			ReleaseScriptCaches (1ms)
			RebuildScriptCaches (45ms)
			SetupLoadedEditorAssemblies (414ms)
				LogAssemblyErrors (0ms)
				InitializePlatformSupportModulesInManaged (6ms)
				SetLoadedEditorAssemblies (1ms)
				RefreshPlugins (1ms)
				BeforeProcessingInitializeOnLoad (66ms)
				ProcessInitializeOnLoadAttributes (325ms)
				ProcessInitializeOnLoadMethodAttributes (7ms)
				AfterProcessingInitializeOnLoad (9ms)
				EditorAssembliesLoaded (0ms)
			ExecutionOrderSort2 (0ms)
			AwakeInstancesAfterBackupRestoration (12ms)
Platform modules already initialized, skipping
Refreshing native plugins compatible for Editor in 0.52 ms, found 3 plugins.
Preloading 0 native plugins for Editor in 0.00 ms.
Unloading 2082 Unused Serialized files (Serialized files now loaded: 0)
System memory in use before: 95.6 MB.
System memory in use after: 95.7 MB.

Unloading 16 unused Assets to reduce memory usage. Loaded Objects now: 2543.
Total: 3.518900 ms (FindLiveObjects: 0.232700 ms CreateObjectMapping: 0.054300 ms MarkObjects: 3.208700 ms  DeleteObjects: 0.021700 ms)

AssetImportParameters requested are different than current active one (requested -> active):
  custom:framework-win-MediaFoundation: 216162199b28c13a410421893ffa2e32 -> 
  custom:video-decoder-ogg-theora: a1e56fd34408186e4bbccfd4996cb3dc -> 
  custom:container-muxer-webm: aa71ff27fc2769a1b78a27578f13a17b -> 
  custom:container-demuxer-webm: 4f35f7cbe854078d1ac9338744f61a02 -> 
  custom:container-demuxer-ogg: 62fdf1f143b41e24485cea50d1cbac27 -> 
  custom:video-encoder-webm-vp8: eb34c28f22e8b96e1ab97ce403110664 -> 
  custom:video-codec-MediaFoundation-h265: 746d11721c4dcdbdad8f713fa42b33f4 -> 
  custom:video-decoder-webm-vp8: 9c59270c3fd7afecdb556c50c9e8de78 -> 
  custom:audio-decoder-ogg-vorbis: bf7c407c2cedff20999df2af8eb42d56 -> 
  custom:audio-encoder-webm-vorbis: bf7c407c2cedff20999df2af8eb42d56 -> 
========================================================================
Received Prepare
Registering precompiled user dll's ...
Registered in 0.003323 seconds.
Begin MonoManager ReloadAssembly
Native extension for WindowsStandalone target not found
Refreshing native plugins compatible for Editor in 0.55 ms, found 3 plugins.
Preloading 0 native plugins for Editor in 0.00 ms.
Mono: successfully reloaded assembly
- Completed reload, in  1.215 seconds
Domain Reload Profiling:
	ReloadAssembly (1216ms)
		BeginReloadAssembly (125ms)
			ExecutionOrderSort (0ms)
			DisableScriptedObjects (11ms)
			BackupInstance (0ms)
			ReleaseScriptingObjects (0ms)
			CreateAndSetChildDomain (38ms)
		EndReloadAssembly (1019ms)
			LoadAssemblies (137ms)
			RebuildTransferFunctionScriptingTraits (0ms)
			SetupTypeCache (308ms)
			ReleaseScriptCaches (1ms)
			RebuildScriptCaches (47ms)
			SetupLoadedEditorAssemblies (415ms)
				LogAssemblyErrors (0ms)
				InitializePlatformSupportModulesInManaged (5ms)
				SetLoadedEditorAssemblies (0ms)
				RefreshPlugins (1ms)
				BeforeProcessingInitializeOnLoad (68ms)
				ProcessInitializeOnLoadAttributes (325ms)
				ProcessInitializeOnLoadMethodAttributes (7ms)
				AfterProcessingInitializeOnLoad (9ms)
				EditorAssembliesLoaded (0ms)
			ExecutionOrderSort2 (0ms)
			AwakeInstancesAfterBackupRestoration (12ms)
Platform modules already initialized, skipping
Refreshing native plugins compatible for Editor in 0.51 ms, found 3 plugins.
Preloading 0 native plugins for Editor in 0.00 ms.
Unloading 2082 Unused Serialized files (Serialized files now loaded: 0)
System memory in use before: 95.6 MB.
System memory in use after: 95.7 MB.

Unloading 16 unused Assets to reduce memory usage. Loaded Objects now: 2546.
Total: 3.586100 ms (FindLiveObjects: 0.232800 ms CreateObjectMapping: 0.054600 ms MarkObjects: 3.275800 ms  DeleteObjects: 0.021200 ms)

AssetImportParameters requested are different than current active one (requested -> active):
  custom:framework-win-MediaFoundation: 216162199b28c13a410421893ffa2e32 -> 
  custom:video-decoder-ogg-theora: a1e56fd34408186e4bbccfd4996cb3dc -> 
  custom:container-muxer-webm: aa71ff27fc2769a1b78a27578f13a17b -> 
  custom:container-demuxer-webm: 4f35f7cbe854078d1ac9338744f61a02 -> 
  custom:container-demuxer-ogg: 62fdf1f143b41e24485cea50d1cbac27 -> 
  custom:video-encoder-webm-vp8: eb34c28f22e8b96e1ab97ce403110664 -> 
  custom:video-codec-MediaFoundation-h265: 746d11721c4dcdbdad8f713fa42b33f4 -> 
  custom:video-decoder-webm-vp8: 9c59270c3fd7afecdb556c50c9e8de78 -> 
  custom:audio-decoder-ogg-vorbis: bf7c407c2cedff20999df2af8eb42d56 -> 
  custom:audio-encoder-webm-vorbis: bf7c407c2cedff20999df2af8eb42d56 -> 
========================================================================
Received Prepare
Registering precompiled user dll's ...
Registered in 0.003237 seconds.
Begin MonoManager ReloadAssembly
Native extension for WindowsStandalone target not found
Refreshing native plugins compatible for Editor in 0.52 ms, found 3 plugins.
Preloading 0 native plugins for Editor in 0.00 ms.
Mono: successfully reloaded assembly
- Completed reload, in  1.141 seconds
Domain Reload Profiling:
	ReloadAssembly (1142ms)
		BeginReloadAssembly (116ms)
			ExecutionOrderSort (0ms)
			DisableScriptedObjects (7ms)
			BackupInstance (0ms)
			ReleaseScriptingObjects (0ms)
			CreateAndSetChildDomain (35ms)
		EndReloadAssembly (952ms)
			LoadAssemblies (98ms)
			RebuildTransferFunctionScriptingTraits (0ms)
			SetupTypeCache (304ms)
			ReleaseScriptCaches (1ms)
			RebuildScriptCaches (45ms)
			SetupLoadedEditorAssemblies (394ms)
				LogAssemblyErrors (0ms)
				InitializePlatformSupportModulesInManaged (5ms)
				SetLoadedEditorAssemblies (0ms)
				RefreshPlugins (1ms)
				BeforeProcessingInitializeOnLoad (67ms)
				ProcessInitializeOnLoadAttributes (306ms)
				ProcessInitializeOnLoadMethodAttributes (6ms)
				AfterProcessingInitializeOnLoad (9ms)
				EditorAssembliesLoaded (0ms)
			ExecutionOrderSort2 (0ms)
			AwakeInstancesAfterBackupRestoration (12ms)
Platform modules already initialized, skipping
Refreshing native plugins compatible for Editor in 0.51 ms, found 3 plugins.
Preloading 0 native plugins for Editor in 0.00 ms.
Unloading 2082 Unused Serialized files (Serialized files now loaded: 0)
System memory in use before: 95.6 MB.
System memory in use after: 95.7 MB.

Unloading 16 unused Assets to reduce memory usage. Loaded Objects now: 2549.
Total: 3.418600 ms (FindLiveObjects: 0.218700 ms CreateObjectMapping: 0.051400 ms MarkObjects: 3.125800 ms  DeleteObjects: 0.021300 ms)

AssetImportParameters requested are different than current active one (requested -> active):
  custom:framework-win-MediaFoundation: 216162199b28c13a410421893ffa2e32 -> 
  custom:video-decoder-ogg-theora: a1e56fd34408186e4bbccfd4996cb3dc -> 
  custom:container-muxer-webm: aa71ff27fc2769a1b78a27578f13a17b -> 
  custom:container-demuxer-webm: 4f35f7cbe854078d1ac9338744f61a02 -> 
  custom:container-demuxer-ogg: 62fdf1f143b41e24485cea50d1cbac27 -> 
  custom:video-encoder-webm-vp8: eb34c28f22e8b96e1ab97ce403110664 -> 
  custom:video-codec-MediaFoundation-h265: 746d11721c4dcdbdad8f713fa42b33f4 -> 
  custom:video-decoder-webm-vp8: 9c59270c3fd7afecdb556c50c9e8de78 -> 
  custom:audio-decoder-ogg-vorbis: bf7c407c2cedff20999df2af8eb42d56 -> 
  custom:audio-encoder-webm-vorbis: bf7c407c2cedff20999df2af8eb42d56 -> 
========================================================================
Received Import Request.
  Time since last request: 336.900978 seconds.
  path: Assets/AudioScript.cs
  artifactKey: Guid(a1834a52e04569a42920737336b47030) Importer(815301076,1909f56bfc062723c751e8b465ee728b)
Start importing Assets/AudioScript.cs using Guid(a1834a52e04569a42920737336b47030) Importer(815301076,1909f56bfc062723c751e8b465ee728b)  -> (artifact id: '595c1bf551041edd66dfbf827e46355a') in 0.896241 seconds 
  Import took 0.973575 seconds .

========================================================================
Received Prepare
Registering precompiled user dll's ...
Registered in 0.003275 seconds.
Begin MonoManager ReloadAssembly
Native extension for WindowsStandalone target not found
Refreshing native plugins compatible for Editor in 0.52 ms, found 3 plugins.
Preloading 0 native plugins for Editor in 0.00 ms.
Mono: successfully reloaded assembly
- Completed reload, in  1.159 seconds
Domain Reload Profiling:
	ReloadAssembly (1160ms)
		BeginReloadAssembly (118ms)
			ExecutionOrderSort (0ms)
			DisableScriptedObjects (8ms)
			BackupInstance (0ms)
			ReleaseScriptingObjects (0ms)
			CreateAndSetChildDomain (36ms)
		EndReloadAssembly (967ms)
			LoadAssemblies (97ms)
			RebuildTransferFunctionScriptingTraits (0ms)
			SetupTypeCache (303ms)
			ReleaseScriptCaches (1ms)
			RebuildScriptCaches (48ms)
			SetupLoadedEditorAssemblies (401ms)
				LogAssemblyErrors (0ms)
				InitializePlatformSupportModulesInManaged (5ms)
				SetLoadedEditorAssemblies (0ms)
				RefreshPlugins (1ms)
				BeforeProcessingInitializeOnLoad (65ms)
				ProcessInitializeOnLoadAttributes (314ms)
				ProcessInitializeOnLoadMethodAttributes (6ms)
				AfterProcessingInitializeOnLoad (9ms)
				EditorAssembliesLoaded (0ms)
			ExecutionOrderSort2 (0ms)
			AwakeInstancesAfterBackupRestoration (12ms)
Platform modules already initialized, skipping
Refreshing native plugins compatible for Editor in 0.51 ms, found 3 plugins.
Preloading 0 native plugins for Editor in 0.00 ms.
Unloading 2082 Unused Serialized files (Serialized files now loaded: 0)
System memory in use before: 95.7 MB.
System memory in use after: 95.8 MB.

Unloading 16 unused Assets to reduce memory usage. Loaded Objects now: 2552.
Total: 3.375600 ms (FindLiveObjects: 0.226300 ms CreateObjectMapping: 0.051900 ms MarkObjects: 3.074900 ms  DeleteObjects: 0.021100 ms)

AssetImportParameters requested are different than current active one (requested -> active):
  custom:framework-win-MediaFoundation: 216162199b28c13a410421893ffa2e32 -> 
  custom:video-decoder-ogg-theora: a1e56fd34408186e4bbccfd4996cb3dc -> 
  custom:container-muxer-webm: aa71ff27fc2769a1b78a27578f13a17b -> 
  custom:container-demuxer-webm: 4f35f7cbe854078d1ac9338744f61a02 -> 
  custom:container-demuxer-ogg: 62fdf1f143b41e24485cea50d1cbac27 -> 
  custom:video-encoder-webm-vp8: eb34c28f22e8b96e1ab97ce403110664 -> 
  custom:video-codec-MediaFoundation-h265: 746d11721c4dcdbdad8f713fa42b33f4 -> 
  custom:video-decoder-webm-vp8: 9c59270c3fd7afecdb556c50c9e8de78 -> 
  custom:audio-decoder-ogg-vorbis: bf7c407c2cedff20999df2af8eb42d56 -> 
  custom:audio-encoder-webm-vorbis: bf7c407c2cedff20999df2af8eb42d56 -> 
========================================================================
Received Prepare
Registering precompiled user dll's ...
Registered in 0.003452 seconds.
Begin MonoManager ReloadAssembly
Native extension for WindowsStandalone target not found
Refreshing native plugins compatible for Editor in 0.52 ms, found 3 plugins.
Preloading 0 native plugins for Editor in 0.00 ms.
Mono: successfully reloaded assembly
- Completed reload, in  1.279 seconds
Domain Reload Profiling:
	ReloadAssembly (1279ms)
		BeginReloadAssembly (114ms)
			ExecutionOrderSort (0ms)
			DisableScriptedObjects (8ms)
			BackupInstance (0ms)
			ReleaseScriptingObjects (0ms)
			CreateAndSetChildDomain (34ms)
		EndReloadAssembly (1092ms)
			LoadAssemblies (216ms)
			RebuildTransferFunctionScriptingTraits (0ms)
			SetupTypeCache (308ms)
			ReleaseScriptCaches (1ms)
			RebuildScriptCaches (49ms)
			SetupLoadedEditorAssemblies (403ms)
				LogAssemblyErrors (0ms)
				InitializePlatformSupportModulesInManaged (5ms)
				SetLoadedEditorAssemblies (0ms)
				RefreshPlugins (1ms)
				BeforeProcessingInitializeOnLoad (65ms)
				ProcessInitializeOnLoadAttributes (316ms)
				ProcessInitializeOnLoadMethodAttributes (6ms)
				AfterProcessingInitializeOnLoad (9ms)
				EditorAssembliesLoaded (0ms)
			ExecutionOrderSort2 (0ms)
			AwakeInstancesAfterBackupRestoration (12ms)
Platform modules already initialized, skipping
Refreshing native plugins compatible for Editor in 0.55 ms, found 3 plugins.
Preloading 0 native plugins for Editor in 0.00 ms.
Unloading 2082 Unused Serialized files (Serialized files now loaded: 0)
System memory in use before: 95.7 MB.
System memory in use after: 95.8 MB.

Unloading 16 unused Assets to reduce memory usage. Loaded Objects now: 2555.
Total: 3.744400 ms (FindLiveObjects: 0.213100 ms CreateObjectMapping: 0.054100 ms MarkObjects: 3.452700 ms  DeleteObjects: 0.023200 ms)

AssetImportParameters requested are different than current active one (requested -> active):
  custom:framework-win-MediaFoundation: 216162199b28c13a410421893ffa2e32 -> 
  custom:video-decoder-ogg-theora: a1e56fd34408186e4bbccfd4996cb3dc -> 
  custom:container-muxer-webm: aa71ff27fc2769a1b78a27578f13a17b -> 
  custom:container-demuxer-webm: 4f35f7cbe854078d1ac9338744f61a02 -> 
  custom:container-demuxer-ogg: 62fdf1f143b41e24485cea50d1cbac27 -> 
  custom:video-encoder-webm-vp8: eb34c28f22e8b96e1ab97ce403110664 -> 
  custom:video-codec-MediaFoundation-h265: 746d11721c4dcdbdad8f713fa42b33f4 -> 
  custom:video-decoder-webm-vp8: 9c59270c3fd7afecdb556c50c9e8de78 -> 
  custom:audio-decoder-ogg-vorbis: bf7c407c2cedff20999df2af8eb42d56 -> 
  custom:audio-encoder-webm-vorbis: bf7c407c2cedff20999df2af8eb42d56 -> 
AssetImportWorkerClient::OnTransportError - code=2 error=End of file
